{"/home/parminder/Desktop/ipl-api/src/controller/teamdetails-controller.ts": {"path":"/home/parminder/Desktop/ipl-api/src/controller/teamdetails-controller.ts","statementMap":{"0":{"start":{"line":2,"column":0},"end":{"line":2,"column":78}},"1":{"start":{"line":4,"column":16},"end":{"line":14,"column":2}},"2":{"start":{"line":4,"column":50},"end":{"line":14,"column":2}},"3":{"start":{"line":6,"column":10},"end":{"line":6,"column":29}},"4":{"start":{"line":7,"column":10},"end":{"line":7,"column":32}},"5":{"start":{"line":8,"column":23},"end":{"line":8,"column":null}},"6":{"start":{"line":8,"column":10},"end":{"line":8,"column":null}},"7":{"start":{"line":9,"column":4},"end":{"line":9,"column":20}},"8":{"start":{"line":10,"column":4},"end":{"line":10,"column":25}},"9":{"start":{"line":12,"column":4},"end":{"line":12,"column":32}},"10":{"start":{"line":28,"column":9},"end":{"line":28,"column":16}},"11":{"start":{"line":16,"column":16},"end":{"line":26,"column":2}},"12":{"start":{"line":16,"column":50},"end":{"line":26,"column":2}},"13":{"start":{"line":18,"column":10},"end":{"line":18,"column":29}},"14":{"start":{"line":19,"column":21},"end":{"line":19,"column":null}},"15":{"start":{"line":19,"column":10},"end":{"line":19,"column":null}},"16":{"start":{"line":20,"column":4},"end":{"line":20,"column":20}},"17":{"start":{"line":21,"column":4},"end":{"line":21,"column":23}},"18":{"start":{"line":23,"column":10},"end":{"line":23,"column":45}},"19":{"start":{"line":24,"column":4},"end":{"line":24,"column":34}},"20":{"start":{"line":28,"column":18},"end":{"line":28,"column":25}}},"fnMap":{"0":{"name":"(anonymous_13)","decl":{"start":{"line":4,"column":16},"end":{"line":4,"column":23}},"loc":{"start":{"line":4,"column":50},"end":{"line":14,"column":2}}},"1":{"name":"(anonymous_14)","decl":{"start":{"line":4,"column":50},"end":{"line":4,"column":null}},"loc":{"start":{"line":4,"column":50},"end":{"line":14,"column":2}}},"2":{"name":"(anonymous_16)","decl":{"start":{"line":16,"column":16},"end":{"line":16,"column":23}},"loc":{"start":{"line":16,"column":50},"end":{"line":26,"column":2}}},"3":{"name":"(anonymous_17)","decl":{"start":{"line":16,"column":50},"end":{"line":16,"column":null}},"loc":{"start":{"line":16,"column":50},"end":{"line":26,"column":2}}}},"branchMap":{},"s":{"0":2,"1":2,"2":1,"3":1,"4":1,"5":1,"6":1,"7":1,"8":1,"9":0,"10":2,"11":2,"12":1,"13":1,"14":1,"15":1,"16":1,"17":1,"18":0,"19":0,"20":2},"f":{"0":1,"1":1,"2":1,"3":1},"b":{}}
,"/home/parminder/Desktop/ipl-api/src/controller/teams-controller.ts": {"path":"/home/parminder/Desktop/ipl-api/src/controller/teams-controller.ts","statementMap":{"0":{"start":{"line":2,"column":0},"end":{"line":2,"column":69}},"1":{"start":{"line":4,"column":16},"end":{"line":14,"column":2}},"2":{"start":{"line":4,"column":50},"end":{"line":14,"column":2}},"3":{"start":{"line":6,"column":10},"end":{"line":6,"column":26}},"4":{"start":{"line":7,"column":4},"end":{"line":7,"column":22}},"5":{"start":{"line":8,"column":23},"end":{"line":8,"column":null}},"6":{"start":{"line":8,"column":10},"end":{"line":8,"column":null}},"7":{"start":{"line":9,"column":4},"end":{"line":9,"column":20}},"8":{"start":{"line":10,"column":4},"end":{"line":10,"column":25}},"9":{"start":{"line":12,"column":4},"end":{"line":12,"column":32}},"10":{"start":{"line":26,"column":9},"end":{"line":26,"column":16}},"11":{"start":{"line":16,"column":17},"end":{"line":24,"column":2}},"12":{"start":{"line":16,"column":51},"end":{"line":24,"column":2}},"13":{"start":{"line":18,"column":22},"end":{"line":18,"column":null}},"14":{"start":{"line":18,"column":10},"end":{"line":18,"column":null}},"15":{"start":{"line":19,"column":4},"end":{"line":19,"column":20}},"16":{"start":{"line":20,"column":4},"end":{"line":20,"column":24}},"17":{"start":{"line":22,"column":4},"end":{"line":22,"column":32}},"18":{"start":{"line":26,"column":18},"end":{"line":26,"column":26}}},"fnMap":{"0":{"name":"(anonymous_13)","decl":{"start":{"line":4,"column":16},"end":{"line":4,"column":23}},"loc":{"start":{"line":4,"column":50},"end":{"line":14,"column":2}}},"1":{"name":"(anonymous_14)","decl":{"start":{"line":4,"column":50},"end":{"line":4,"column":null}},"loc":{"start":{"line":4,"column":50},"end":{"line":14,"column":2}}},"2":{"name":"(anonymous_16)","decl":{"start":{"line":16,"column":17},"end":{"line":16,"column":24}},"loc":{"start":{"line":16,"column":51},"end":{"line":24,"column":2}}},"3":{"name":"(anonymous_17)","decl":{"start":{"line":16,"column":51},"end":{"line":16,"column":null}},"loc":{"start":{"line":16,"column":51},"end":{"line":24,"column":2}}}},"branchMap":{},"s":{"0":2,"1":2,"2":1,"3":1,"4":1,"5":1,"6":1,"7":1,"8":1,"9":0,"10":2,"11":2,"12":1,"13":1,"14":1,"15":1,"16":1,"17":0,"18":2},"f":{"0":1,"1":1,"2":1,"3":1},"b":{}}
,"/home/parminder/Desktop/ipl-api/src/models/team-details.ts": {"path":"/home/parminder/Desktop/ipl-api/src/models/team-details.ts","statementMap":{"0":{"start":{"line":1,"column":0},"end":{"line":1,"column":41}},"1":{"start":{"line":3,"column":22},"end":{"line":39,"column":2}},"2":{"start":{"line":41,"column":26},"end":{"line":68,"column":null}},"3":{"start":{"line":71,"column":19},"end":{"line":71,"column":57}},"4":{"start":{"line":73,"column":9},"end":{"line":73,"column":19}}},"fnMap":{},"branchMap":{},"s":{"0":2,"1":2,"2":2,"3":2,"4":2},"f":{},"b":{}}
,"/home/parminder/Desktop/ipl-api/src/models/teams.ts": {"path":"/home/parminder/Desktop/ipl-api/src/models/teams.ts","statementMap":{"0":{"start":{"line":1,"column":0},"end":{"line":1,"column":41}},"1":{"start":{"line":3,"column":19},"end":{"line":26,"column":2}},"2":{"start":{"line":28,"column":13},"end":{"line":28,"column":38}},"3":{"start":{"line":30,"column":9},"end":{"line":30,"column":13}}},"fnMap":{},"branchMap":{},"s":{"0":2,"1":2,"2":2,"3":2},"f":{},"b":{}}
,"/home/parminder/Desktop/ipl-api/src/routes/team-route.ts": {"path":"/home/parminder/Desktop/ipl-api/src/routes/team-route.ts","statementMap":{"0":{"start":{"line":1,"column":0},"end":{"line":1,"column":30}},"1":{"start":{"line":2,"column":0},"end":{"line":2,"column":67}},"2":{"start":{"line":4,"column":18},"end":{"line":4,"column":34}},"3":{"start":{"line":9,"column":9},"end":{"line":9,"column":18}},"4":{"start":{"line":6,"column":0},"end":{"line":6,"column":29}},"5":{"start":{"line":7,"column":0},"end":{"line":7,"column":29}}},"fnMap":{},"branchMap":{},"s":{"0":1,"1":1,"2":1,"3":1,"4":1,"5":1},"f":{},"b":{}}
,"/home/parminder/Desktop/ipl-api/src/routes/teamdetails-route.ts": {"path":"/home/parminder/Desktop/ipl-api/src/routes/teamdetails-route.ts","statementMap":{"0":{"start":{"line":1,"column":0},"end":{"line":1,"column":30}},"1":{"start":{"line":2,"column":0},"end":{"line":2,"column":72}},"2":{"start":{"line":5,"column":24},"end":{"line":5,"column":40}},"3":{"start":{"line":10,"column":9},"end":{"line":10,"column":24}},"4":{"start":{"line":7,"column":0},"end":{"line":7,"column":38}},"5":{"start":{"line":8,"column":0},"end":{"line":8,"column":37}}},"fnMap":{},"branchMap":{},"s":{"0":1,"1":1,"2":1,"3":1,"4":1,"5":1},"f":{},"b":{}}
,"/home/parminder/Desktop/ipl-api/src/service/teamdetails-service.ts": {"path":"/home/parminder/Desktop/ipl-api/src/service/teamdetails-service.ts","statementMap":{"0":{"start":{"line":1,"column":0},"end":{"line":1,"column":52}},"1":{"start":{"line":21,"column":22},"end":{"line":33,"column":2}},"2":{"start":{"line":21,"column":64},"end":{"line":33,"column":2}},"3":{"start":{"line":23,"column":10},"end":{"line":27,"column":7}},"4":{"start":{"line":28,"column":19},"end":{"line":28,"column":null}},"5":{"start":{"line":28,"column":10},"end":{"line":28,"column":null}},"6":{"start":{"line":29,"column":4},"end":{"line":29,"column":18}},"7":{"start":{"line":31,"column":4},"end":{"line":31,"column":45}},"8":{"start":{"line":43,"column":9},"end":{"line":43,"column":22}},"9":{"start":{"line":35,"column":22},"end":{"line":42,"column":2}},"10":{"start":{"line":35,"column":39},"end":{"line":42,"column":2}},"11":{"start":{"line":36,"column":21},"end":{"line":36,"column":null}},"12":{"start":{"line":36,"column":8},"end":{"line":36,"column":null}},"13":{"start":{"line":37,"column":2},"end":{"line":41,"column":null}},"14":{"start":{"line":38,"column":4},"end":{"line":38,"column":22}},"15":{"start":{"line":40,"column":4},"end":{"line":40,"column":51}},"16":{"start":{"line":43,"column":24},"end":{"line":43,"column":37}}},"fnMap":{"0":{"name":"(anonymous_13)","decl":{"start":{"line":21,"column":22},"end":{"line":21,"column":29}},"loc":{"start":{"line":21,"column":64},"end":{"line":33,"column":2}}},"1":{"name":"(anonymous_14)","decl":{"start":{"line":21,"column":64},"end":{"line":21,"column":null}},"loc":{"start":{"line":21,"column":64},"end":{"line":33,"column":2}}},"2":{"name":"(anonymous_16)","decl":{"start":{"line":35,"column":22},"end":{"line":35,"column":29}},"loc":{"start":{"line":35,"column":39},"end":{"line":42,"column":2}}},"3":{"name":"(anonymous_17)","decl":{"start":{"line":35,"column":39},"end":{"line":35,"column":null}},"loc":{"start":{"line":35,"column":39},"end":{"line":42,"column":2}}}},"branchMap":{"0":{"loc":{"start":{"line":36,"column":21},"end":{"line":36,"column":null}},"type":"switch","locations":[{"start":{"line":36,"column":21},"end":{"line":36,"column":null}}]},"1":{"loc":{"start":{"line":37,"column":2},"end":{"line":41,"column":null}},"type":"if","locations":[{"start":{"line":37,"column":2},"end":{"line":41,"column":null}},{"start":{"line":39,"column":9},"end":{"line":41,"column":null}}]}},"s":{"0":2,"1":2,"2":1,"3":1,"4":1,"5":1,"6":1,"7":0,"8":2,"9":2,"10":2,"11":2,"12":2,"13":2,"14":2,"15":0,"16":2},"f":{"0":1,"1":1,"2":2,"3":2},"b":{"0":[2],"1":[2,0]}}
,"/home/parminder/Desktop/ipl-api/src/service/teams-service.ts": {"path":"/home/parminder/Desktop/ipl-api/src/service/teams-service.ts","statementMap":{"0":{"start":{"line":1,"column":0},"end":{"line":1,"column":39}},"1":{"start":{"line":10,"column":20},"end":{"line":18,"column":2}},"2":{"start":{"line":10,"column":38},"end":{"line":18,"column":2}},"3":{"start":{"line":12,"column":10},"end":{"line":12,"column":35}},"4":{"start":{"line":13,"column":19},"end":{"line":13,"column":null}},"5":{"start":{"line":13,"column":10},"end":{"line":13,"column":null}},"6":{"start":{"line":14,"column":4},"end":{"line":14,"column":18}},"7":{"start":{"line":16,"column":4},"end":{"line":16,"column":46}},"8":{"start":{"line":29,"column":9},"end":{"line":29,"column":20}},"9":{"start":{"line":20,"column":21},"end":{"line":27,"column":2}},"10":{"start":{"line":22,"column":23},"end":{"line":22,"column":null}},"11":{"start":{"line":22,"column":10},"end":{"line":22,"column":null}},"12":{"start":{"line":23,"column":4},"end":{"line":23,"column":22}},"13":{"start":{"line":25,"column":4},"end":{"line":25,"column":34}},"14":{"start":{"line":29,"column":22},"end":{"line":29,"column":34}}},"fnMap":{"0":{"name":"(anonymous_13)","decl":{"start":{"line":10,"column":20},"end":{"line":10,"column":27}},"loc":{"start":{"line":10,"column":38},"end":{"line":18,"column":2}}},"1":{"name":"(anonymous_14)","decl":{"start":{"line":10,"column":38},"end":{"line":10,"column":null}},"loc":{"start":{"line":10,"column":38},"end":{"line":18,"column":2}}},"2":{"name":"(anonymous_16)","decl":{"start":{"line":20,"column":21},"end":{"line":20,"column":null}},"loc":{"start":{"line":20,"column":21},"end":{"line":27,"column":2}}}},"branchMap":{},"s":{"0":2,"1":2,"2":1,"3":1,"4":1,"5":1,"6":1,"7":0,"8":2,"9":3,"10":1,"11":1,"12":1,"13":0,"14":2},"f":{"0":1,"1":1,"2":2},"b":{}}
}
