TN:
SF:src/controller/teamdetails-controller.ts
FN:4,(anonymous_13)
FN:4,(anonymous_14)
FN:16,(anonymous_16)
FN:16,(anonymous_17)
FNF:4
FNH:4
FNDA:1,(anonymous_13)
FNDA:1,(anonymous_14)
FNDA:1,(anonymous_16)
FNDA:1,(anonymous_17)
DA:2,2
DA:4,2
DA:6,1
DA:7,1
DA:8,1
DA:9,1
DA:10,1
DA:12,0
DA:16,2
DA:18,1
DA:19,1
DA:20,1
DA:21,1
DA:23,0
DA:24,0
DA:28,2
LF:16
LH:13
BRF:0
BRH:0
end_of_record
TN:
SF:src/controller/teams-controller.ts
FN:4,(anonymous_13)
FN:4,(anonymous_14)
FN:16,(anonymous_16)
FN:16,(anonymous_17)
FNF:4
FNH:4
FNDA:1,(anonymous_13)
FNDA:1,(anonymous_14)
FNDA:1,(anonymous_16)
FNDA:1,(anonymous_17)
DA:2,2
DA:4,2
DA:6,1
DA:7,1
DA:8,1
DA:9,1
DA:10,1
DA:12,0
DA:16,2
DA:18,1
DA:19,1
DA:20,1
DA:22,0
DA:26,2
LF:14
LH:12
BRF:0
BRH:0
end_of_record
TN:
SF:src/models/team-details.ts
FNF:0
FNH:0
DA:1,2
DA:3,2
DA:41,2
DA:71,2
DA:73,2
LF:5
LH:5
BRF:0
BRH:0
end_of_record
TN:
SF:src/models/teams.ts
FNF:0
FNH:0
DA:1,2
DA:3,2
DA:28,2
DA:30,2
LF:4
LH:4
BRF:0
BRH:0
end_of_record
TN:
SF:src/routes/team-route.ts
FNF:0
FNH:0
DA:1,1
DA:2,1
DA:4,1
DA:6,1
DA:7,1
DA:9,1
LF:6
LH:6
BRF:0
BRH:0
end_of_record
TN:
SF:src/routes/teamdetails-route.ts
FNF:0
FNH:0
DA:1,1
DA:2,1
DA:5,1
DA:7,1
DA:8,1
DA:10,1
LF:6
LH:6
BRF:0
BRH:0
end_of_record
TN:
SF:src/service/teamdetails-service.ts
FN:21,(anonymous_13)
FN:21,(anonymous_14)
FN:35,(anonymous_16)
FN:35,(anonymous_17)
FNF:4
FNH:4
FNDA:1,(anonymous_13)
FNDA:1,(anonymous_14)
FNDA:2,(anonymous_16)
FNDA:2,(anonymous_17)
DA:1,2
DA:21,2
DA:23,1
DA:28,1
DA:29,1
DA:31,0
DA:35,2
DA:36,2
DA:37,2
DA:38,2
DA:40,0
DA:43,2
LF:12
LH:10
BRDA:36,0,0,2
BRDA:37,1,0,2
BRDA:37,1,1,0
BRF:3
BRH:2
end_of_record
TN:
SF:src/service/teams-service.ts
FN:10,(anonymous_13)
FN:10,(anonymous_14)
FN:20,(anonymous_16)
FNF:3
FNH:3
FNDA:1,(anonymous_13)
FNDA:1,(anonymous_14)
FNDA:2,(anonymous_16)
DA:1,2
DA:10,2
DA:12,1
DA:13,1
DA:14,1
DA:16,0
DA:20,3
DA:22,1
DA:23,1
DA:25,0
DA:29,2
LF:11
LH:9
BRF:0
BRH:0
end_of_record
